<?xml version="1.0" encoding="UTF-8"?>
<testng-results skipped="0" failed="0" ignored="0" total="3" passed="3">
  <reporter-output>
  </reporter-output>
  <suite name="Default suite" duration-ms="3979" started-at="2018-12-04T18:31:51Z" finished-at="2018-12-04T18:31:55Z">
    <groups>
    </groups>
    <test name="Default test" duration-ms="3979" started-at="2018-12-04T18:31:51Z" finished-at="2018-12-04T18:31:55Z">
      <class name="com.zomato.apitests.Tests">
        <test-method status="PASS" signature="verify_status_for_category_api()[pri:0, instance:com.zomato.apitests.Tests@482f8f11]" name="verify_status_for_category_api" duration-ms="2699" started-at="2018-12-04T18:31:51Z" finished-at="2018-12-04T18:31:54Z">
          <reporter-output>
          </reporter-output>
        </test-method> <!-- verify_status_for_category_api -->
        <test-method status="PASS" signature="verify_the_contents_of_categories_api()[pri:0, instance:com.zomato.apitests.Tests@482f8f11]" name="verify_the_contents_of_categories_api" duration-ms="782" started-at="2018-12-04T18:31:54Z" finished-at="2018-12-04T18:31:54Z">
          <reporter-output>
          </reporter-output>
        </test-method> <!-- verify_the_contents_of_categories_api -->
        <test-method status="PASS" signature="verify_the_structure_for_the_list_of_names()[pri:0, instance:com.zomato.apitests.Tests@482f8f11]" name="verify_the_structure_for_the_list_of_names" duration-ms="455" started-at="2018-12-04T18:31:54Z" finished-at="2018-12-04T18:31:55Z">
          <reporter-output>
          </reporter-output>
        </test-method> <!-- verify_the_structure_for_the_list_of_names -->
      </class> <!-- com.zomato.apitests.Tests -->
    </test> <!-- Default test -->
  </suite> <!-- Default suite -->
</testng-results>
